<?xml version="1.0" encoding="UTF-8"?>
<testsuite name="com.edu.eduspring.EduSpringApplicationTests" tests="1" skipped="0" failures="0" errors="0" timestamp="2019-10-31T06:25:33" hostname="gimjeoncBookPro" time="0.164">
  <properties/>
  <testcase name="contextLoads()" classname="com.edu.eduspring.EduSpringApplicationTests" time="0.164"/>
  <system-out><![CDATA[15:25:31.590 [Test worker] DEBUG org.springframework.test.context.BootstrapUtils - Instantiating CacheAwareContextLoaderDelegate from class [org.springframework.test.context.cache.DefaultCacheAwareContextLoaderDelegate]
15:25:31.606 [Test worker] DEBUG org.springframework.test.context.BootstrapUtils - Instantiating BootstrapContext using constructor [public org.springframework.test.context.support.DefaultBootstrapContext(java.lang.Class,org.springframework.test.context.CacheAwareContextLoaderDelegate)]
15:25:31.633 [Test worker] DEBUG org.springframework.test.context.BootstrapUtils - Instantiating TestContextBootstrapper for test class [com.edu.eduspring.EduSpringApplicationTests] from class [org.springframework.boot.test.context.SpringBootTestContextBootstrapper]
15:25:31.650 [Test worker] INFO org.springframework.boot.test.context.SpringBootTestContextBootstrapper - Neither @ContextConfiguration nor @ContextHierarchy found for test class [com.edu.eduspring.EduSpringApplicationTests], using SpringBootContextLoader
15:25:31.653 [Test worker] DEBUG org.springframework.test.context.support.AbstractContextLoader - Did not detect default resource location for test class [com.edu.eduspring.EduSpringApplicationTests]: class path resource [com/edu/eduspring/EduSpringApplicationTests-context.xml] does not exist
15:25:31.654 [Test worker] DEBUG org.springframework.test.context.support.AbstractContextLoader - Did not detect default resource location for test class [com.edu.eduspring.EduSpringApplicationTests]: class path resource [com/edu/eduspring/EduSpringApplicationTestsContext.groovy] does not exist
15:25:31.654 [Test worker] INFO org.springframework.test.context.support.AbstractContextLoader - Could not detect default resource locations for test class [com.edu.eduspring.EduSpringApplicationTests]: no resource found for suffixes {-context.xml, Context.groovy}.
15:25:31.654 [Test worker] INFO org.springframework.test.context.support.AnnotationConfigContextLoaderUtils - Could not detect default configuration classes for test class [com.edu.eduspring.EduSpringApplicationTests]: EduSpringApplicationTests does not declare any static, non-private, non-final, nested classes annotated with @Configuration.
15:25:31.688 [Test worker] DEBUG org.springframework.test.context.support.ActiveProfilesUtils - Could not find an 'annotation declaring class' for annotation type [org.springframework.test.context.ActiveProfiles] and class [com.edu.eduspring.EduSpringApplicationTests]
15:25:31.761 [Test worker] DEBUG org.springframework.context.annotation.ClassPathScanningCandidateComponentProvider - Identified candidate component class: file [/Users/kimjunghoon/workspace/edu-spring/build/classes/kotlin/main/com/edu/eduspring/EduSpringApplication.class]
15:25:31.762 [Test worker] INFO org.springframework.boot.test.context.SpringBootTestContextBootstrapper - Found @SpringBootConfiguration com.edu.eduspring.EduSpringApplication for test class com.edu.eduspring.EduSpringApplicationTests
15:25:31.850 [Test worker] DEBUG org.springframework.boot.test.context.SpringBootTestContextBootstrapper - @TestExecutionListeners is not present for class [com.edu.eduspring.EduSpringApplicationTests]: using defaults.
15:25:31.851 [Test worker] INFO org.springframework.boot.test.context.SpringBootTestContextBootstrapper - Loaded default TestExecutionListener class names from location [META-INF/spring.factories]: [org.springframework.boot.test.autoconfigure.restdocs.RestDocsTestExecutionListener, org.springframework.boot.test.autoconfigure.web.client.MockRestServiceServerResetTestExecutionListener, org.springframework.boot.test.autoconfigure.web.servlet.MockMvcPrintOnlyOnFailureTestExecutionListener, org.springframework.boot.test.autoconfigure.web.servlet.WebDriverTestExecutionListener, org.springframework.boot.test.mock.mockito.MockitoTestExecutionListener, org.springframework.boot.test.mock.mockito.ResetMocksTestExecutionListener, org.springframework.test.context.web.ServletTestExecutionListener, org.springframework.test.context.support.DirtiesContextBeforeModesTestExecutionListener, org.springframework.test.context.support.DependencyInjectionTestExecutionListener, org.springframework.test.context.support.DirtiesContextTestExecutionListener, org.springframework.test.context.transaction.TransactionalTestExecutionListener, org.springframework.test.context.jdbc.SqlScriptsTestExecutionListener, org.springframework.test.context.event.EventPublishingTestExecutionListener]
15:25:31.859 [Test worker] DEBUG org.springframework.boot.test.context.SpringBootTestContextBootstrapper - Skipping candidate TestExecutionListener [org.springframework.test.context.transaction.TransactionalTestExecutionListener] due to a missing dependency. Specify custom listener classes or make the default listener classes and their required dependencies available. Offending class: [org/springframework/transaction/interceptor/TransactionAttributeSource]
15:25:31.860 [Test worker] DEBUG org.springframework.boot.test.context.SpringBootTestContextBootstrapper - Skipping candidate TestExecutionListener [org.springframework.test.context.jdbc.SqlScriptsTestExecutionListener] due to a missing dependency. Specify custom listener classes or make the default listener classes and their required dependencies available. Offending class: [org/springframework/transaction/interceptor/TransactionAttribute]
15:25:31.860 [Test worker] INFO org.springframework.boot.test.context.SpringBootTestContextBootstrapper - Using TestExecutionListeners: [org.springframework.test.context.web.ServletTestExecutionListener@6d8c83ec, org.springframework.test.context.support.DirtiesContextBeforeModesTestExecutionListener@5b704835, org.springframework.boot.test.mock.mockito.MockitoTestExecutionListener@17897ec1, org.springframework.boot.test.autoconfigure.SpringBootDependencyInjectionTestExecutionListener@1930bd13, org.springframework.test.context.support.DirtiesContextTestExecutionListener@102ace3a, org.springframework.test.context.event.EventPublishingTestExecutionListener@49420dea, org.springframework.boot.test.autoconfigure.restdocs.RestDocsTestExecutionListener@15611d75, org.springframework.boot.test.autoconfigure.web.client.MockRestServiceServerResetTestExecutionListener@925f2ef, org.springframework.boot.test.autoconfigure.web.servlet.MockMvcPrintOnlyOnFailureTestExecutionListener@4fb8b6ef, org.springframework.boot.test.autoconfigure.web.servlet.WebDriverTestExecutionListener@164cdfaf, org.springframework.boot.test.mock.mockito.ResetMocksTestExecutionListener@b5be2a6]
15:25:31.864 [Test worker] DEBUG org.springframework.test.context.support.AbstractDirtiesContextTestExecutionListener - Before test class: context [DefaultTestContext@17500486 testClass = EduSpringApplicationTests, testInstance = [null], testMethod = [null], testException = [null], mergedContextConfiguration = [WebMergedContextConfiguration@105e5c82 testClass = EduSpringApplicationTests, locations = '{}', classes = '{class com.edu.eduspring.EduSpringApplication}', contextInitializerClasses = '[]', activeProfiles = '{}', propertySourceLocations = '{}', propertySourceProperties = '{org.springframework.boot.test.context.SpringBootTestContextBootstrapper=true}', contextCustomizers = set[org.springframework.boot.test.autoconfigure.properties.PropertyMappingContextCustomizer@0, org.springframework.boot.test.autoconfigure.web.servlet.WebDriverContextCustomizerFactory$Customizer@6b113118, org.springframework.boot.test.context.filter.ExcludeFilterContextCustomizer@23a4b90d, org.springframework.boot.test.json.DuplicateJsonObjectContextCustomizerFactory$DuplicateJsonObjectContextCustomizer@503c9830, org.springframework.boot.test.mock.mockito.MockitoContextCustomizer@0, org.springframework.boot.test.web.client.TestRestTemplateContextCustomizer@6d45427b], resourceBasePath = 'src/main/webapp', contextLoader = 'org.springframework.boot.test.context.SpringBootContextLoader', parent = [null]], attributes = map['org.springframework.test.context.web.ServletTestExecutionListener.activateListener' -> true]], class annotated with @DirtiesContext [false] with mode [null].
15:25:31.888 [Test worker] DEBUG org.springframework.test.context.support.TestPropertySourceUtils - Adding inlined properties to environment: {spring.jmx.enabled=false, org.springframework.boot.test.context.SpringBootTestContextBootstrapper=true, server.port=-1}

  .   ____          _            __ _ _
 /\\ / ___'_ __ _ _(_)_ __  __ _ \ \ \ \
( ( )\___ | '_ | '_| | '_ \/ _` | \ \ \ \
 \\/  ___)| |_)| | | | | || (_| |  ) ) ) )
  '  |____| .__|_| |_|_| |_\__, | / / / /
 =========|_|==============|___/=/_/_/_/
 :: Spring Boot ::        (v2.2.0.RELEASE)

2019-10-31 15:25:32.144  INFO 2505 --- [    Test worker] c.e.eduspring.EduSpringApplicationTests  : Starting EduSpringApplicationTests on gimjeoncBookPro with PID 2505 (started by kimjunghoon in /Users/kimjunghoon/workspace/edu-spring)
2019-10-31 15:25:32.145  INFO 2505 --- [    Test worker] c.e.eduspring.EduSpringApplicationTests  : No active profile set, falling back to default profiles: default
2019-10-31 15:25:33.157  INFO 2505 --- [    Test worker] o.s.s.concurrent.ThreadPoolTaskExecutor  : Initializing ExecutorService 'applicationTaskExecutor'
2019-10-31 15:25:33.373  INFO 2505 --- [    Test worker] c.e.eduspring.EduSpringApplicationTests  : Started EduSpringApplicationTests in 1.477 seconds (JVM running for 2.453)
]]></system-out>
  <system-err><![CDATA[]]></system-err>
</testsuite>
